<?xml version="1.0" encoding="UTF-8"?>
<!-- Generated by org.testng.reporters.JUnitReportReporter -->
<testsuite skipped="0" hostname="NGBLR-00840" name="RestAPI.SeleniumTest" tests="2" failures="0" timestamp="30 Nov 2019 17:12:44 GMT" time="0.000" errors="0">
  <testcase name="elementsUI" time="0.000" classname="RestAPI.SeleniumTest"/>
  <testcase name="Browser" time="0.000" classname="RestAPI.SeleniumTest"/>
</testsuite> <!-- RestAPI.SeleniumTest -->
