<?xml version="1.0" encoding="UTF-8"?>
<!-- Generated by org.testng.reporters.JUnitReportReporter -->
<testsuite skipped="0" hostname="NGBLR-00840" name="RestAPI.DeleteplaceTest" tests="1" failures="0" timestamp="30 Nov 2019 17:12:44 GMT" time="0.288" errors="0">
  <testcase name="deleteplace_deleteresquest" time="0.288" classname="RestAPI.DeleteplaceTest"/>
</testsuite> <!-- RestAPI.DeleteplaceTest -->
