<?xml version="1.0" encoding="UTF-8"?>
<!-- Generated by org.testng.reporters.JUnitReportReporter -->
<testsuite skipped="0" hostname="NGBLR-00840" name="RestAPI.AddplaceTest" tests="1" failures="0" timestamp="30 Nov 2019 17:12:44 GMT" time="1.244" errors="0">
  <testcase name="addplace_postrequest" time="1.244" classname="RestAPI.AddplaceTest"/>
</testsuite> <!-- RestAPI.AddplaceTest -->
