<?xml version="1.0" encoding="UTF-8"?>
<!-- Generated by org.testng.reporters.JUnitReportReporter -->
<testsuite skipped="0" hostname="NGBLR-00840" name="RestAPI.adddeleteplacexmlTest" tests="1" failures="0" timestamp="30 Nov 2019 17:14:45 GMT" time="1.448" errors="0">
  <testcase name="xmladddelete" time="1.448" classname="RestAPI.adddeleteplacexmlTest"/>
</testsuite> <!-- RestAPI.adddeleteplacexmlTest -->
